<?xml version="1.0" encoding="UTF-8"?>
<!-- Generated by org.testng.reporters.JUnitXMLReporter -->
<testsuite ignored="3" hostname="DESKTOP-6DOC790" failures="0" tests="1" name="Default test" time="121.142" errors="0" timestamp="2024-04-29T20:01:34 PKT">
  <testcase classname="Test.LoginTest" name="claim" time="47.325"/>
  <testcase classname="Test.LoginTest" name="search" time="0.0">
    <ignored/>
  </testcase> <!-- search -->
  <testcase classname="Test.LoginTest" name="login" time="0.0">
    <ignored/>
  </testcase> <!-- login -->
  <testcase classname="Test.LoginTest" name="asertlogin" time="0.0">
    <ignored/>
  </testcase> <!-- asertlogin -->
</testsuite> <!-- Default test -->
