<?xml version="1.0" encoding="UTF-8"?>
<testng-results ignored="3" total="4" passed="1" failed="0" skipped="0">
  <reporter-output>
  </reporter-output>
  <suite started-at="2024-04-29T19:59:33 PKT" name="Default suite" finished-at="2024-04-29T20:01:34 PKT" duration-ms="121142">
    <groups>
    </groups>
    <test started-at="2024-04-29T19:59:33 PKT" name="Default test" finished-at="2024-04-29T20:01:34 PKT" duration-ms="121142">
      <class name="Test.LoginTest">
        <test-method is-config="true" signature="setup()[pri:0, instance:Test.LoginTest@1bd4fdd]" started-at="2024-04-29T19:59:33 PKT" name="setup" finished-at="2024-04-29T20:00:47 PKT" duration-ms="73737" status="PASS">
          <reporter-output>
          </reporter-output>
        </test-method> <!-- setup -->
        <test-method signature="claim()[pri:0, instance:Test.LoginTest@1bd4fdd]" started-at="2024-04-29T20:00:47 PKT" name="claim" finished-at="2024-04-29T20:01:34 PKT" duration-ms="47325" status="PASS">
          <reporter-output>
          </reporter-output>
        </test-method> <!-- claim -->
      </class> <!-- Test.LoginTest -->
    </test> <!-- Default test -->
  </suite> <!-- Default suite -->
</testng-results>
